2017-06-17 19:22:35 [text] Entro metodo guardarVenta
2017-06-17 19:22:35 [text] trama: CALL spConsultaProductos('0','0','5','0',@CodRetorno,@msg,@numFilas)
2017-06-17 19:22:35 [text] codRetorno SP: 000
2017-06-17 19:22:35 [text] trama: CALL spConsultaProductos('0','5','5','0',@CodRetorno,@msg,@numFilas)
2017-06-17 19:22:35 [text] codRetorno SP: 000
2017-06-17 19:22:35 [text] trama: CALL spConsultaProductos('0','10','5','0',@CodRetorno,@msg,@numFilas)
2017-06-17 19:22:35 [text] codRetorno SP: 000
2017-06-17 19:22:35 [text] trama: CALL spConsultaProductos('0','15','5','0',@CodRetorno,@msg,@numFilas)
2017-06-17 19:22:35 [text] codRetorno SP: 000
2017-06-17 19:24:35 [text] Entro metodo guardarVenta
2017-06-17 19:24:35 [text] trama: CALL spConsultaProductos('0','0','5','0',@CodRetorno,@msg,@numFilas)
2017-06-17 19:24:35 [text] codRetorno SP: 000
2017-06-17 19:24:35 [text] trama: CALL spConsultaProductos('0','5','5','0',@CodRetorno,@msg,@numFilas)
2017-06-17 19:24:35 [text] codRetorno SP: 000
2017-06-17 19:24:35 [text] trama: CALL spConsultaProductos('0','10','5','0',@CodRetorno,@msg,@numFilas)
2017-06-17 19:24:35 [text] codRetorno SP: 000
2017-06-17 19:24:35 [text] trama: CALL spConsultaProductos('0','15','5','0',@CodRetorno,@msg,@numFilas)
2017-06-17 19:24:35 [text] codRetorno SP: 000
2017-06-17 19:25:15 [text] Entro metodo guardarVenta
2017-06-17 19:25:15 [text] trama: CALL spConsultaProductos('0','0','5','0',@CodRetorno,@msg,@numFilas)
2017-06-17 19:25:15 [text] codRetorno SP: 000
2017-06-17 19:25:15 [text] trama: CALL spConsultaProductos('0','5','5','0',@CodRetorno,@msg,@numFilas)
2017-06-17 19:25:15 [text] codRetorno SP: 000
2017-06-17 19:25:15 [text] trama: CALL spConsultaProductos('0','10','5','0',@CodRetorno,@msg,@numFilas)
2017-06-17 19:25:15 [text] codRetorno SP: 000
2017-06-17 19:25:15 [text] trama: CALL spConsultaProductos('0','15','5','0',@CodRetorno,@msg,@numFilas)
2017-06-17 19:25:15 [text] codRetorno SP: 000
2017-06-17 19:29:32 [text] Entro metodo guardarVenta
2017-06-17 19:29:32 [text] trama: CALL spConsultaProductos('0','0','5','0',@CodRetorno,@msg,@numFilas)
2017-06-17 19:29:32 [text] codRetorno SP: 000
2017-06-17 19:29:32 [text] trama: CALL spConsultaProductos('0','5','5','0',@CodRetorno,@msg,@numFilas)
2017-06-17 19:29:32 [text] codRetorno SP: 000
2017-06-17 19:29:32 [text] trama: CALL spConsultaProductos('0','10','5','0',@CodRetorno,@msg,@numFilas)
2017-06-17 19:29:32 [text] codRetorno SP: 000
2017-06-17 19:29:32 [text] trama: CALL spConsultaProductos('0','15','5','0',@CodRetorno,@msg,@numFilas)
2017-06-17 19:29:32 [text] codRetorno SP: 000
2017-06-17 19:30:03 [text] Entro metodo guardarVenta
2017-06-17 19:30:03 [text] trama: CALL spConsultaProductos('0','0','5','0',@CodRetorno,@msg,@numFilas)
2017-06-17 19:30:03 [text] codRetorno SP: 000
2017-06-17 19:30:03 [text] trama: CALL spConsultaProductos('0','5','5','0',@CodRetorno,@msg,@numFilas)
2017-06-17 19:30:03 [text] codRetorno SP: 000
2017-06-17 19:30:03 [text] trama: CALL spConsultaProductos('0','10','5','0',@CodRetorno,@msg,@numFilas)
2017-06-17 19:30:03 [text] codRetorno SP: 000
2017-06-17 19:30:03 [text] trama: CALL spConsultaProductos('0','15','5','0',@CodRetorno,@msg,@numFilas)
2017-06-17 19:30:03 [text] codRetorno SP: 000
2017-06-17 19:30:51 [text] Entro metodo guardarVenta
2017-06-17 19:30:51 [text] trama: CALL spConsultaProductos('0','0','5','0',@CodRetorno,@msg,@numFilas)
2017-06-17 19:30:51 [text] codRetorno SP: 000
2017-06-17 19:30:51 [text] trama: CALL spConsultaProductos('0','5','5','0',@CodRetorno,@msg,@numFilas)
2017-06-17 19:30:51 [text] codRetorno SP: 000
2017-06-17 19:30:51 [text] trama: CALL spConsultaProductos('0','10','5','0',@CodRetorno,@msg,@numFilas)
2017-06-17 19:30:51 [text] codRetorno SP: 000
2017-06-17 19:30:52 [text] trama: CALL spConsultaProductos('0','15','5','0',@CodRetorno,@msg,@numFilas)
2017-06-17 19:30:52 [text] codRetorno SP: 000
2017-06-17 19:31:12 [text] Entro metodo guardarVenta
2017-06-17 19:31:12 [text] trama: CALL spConsultaProductos('0','0','5','0',@CodRetorno,@msg,@numFilas)
2017-06-17 19:31:12 [text] codRetorno SP: 000
2017-06-17 19:31:12 [text] trama: CALL spConsultaProductos('0','5','5','0',@CodRetorno,@msg,@numFilas)
2017-06-17 19:31:12 [text] codRetorno SP: 000
2017-06-17 19:31:12 [text] trama: CALL spConsultaProductos('0','10','5','0',@CodRetorno,@msg,@numFilas)
2017-06-17 19:31:12 [text] codRetorno SP: 000
2017-06-17 19:31:12 [text] trama: CALL spConsultaProductos('0','15','5','0',@CodRetorno,@msg,@numFilas)
2017-06-17 19:31:12 [text] codRetorno SP: 000
2017-06-17 19:31:52 [text] Entro metodo guardarVenta
2017-06-17 19:31:52 [text] trama: CALL spConsultaProductos('0','0','5','0',@CodRetorno,@msg,@numFilas)
2017-06-17 19:31:52 [text] codRetorno SP: 000
2017-06-17 19:31:52 [text] trama: CALL spConsultaProductos('0','5','5','0',@CodRetorno,@msg,@numFilas)
2017-06-17 19:31:52 [text] codRetorno SP: 000
2017-06-17 19:31:52 [text] trama: CALL spConsultaProductos('0','10','5','0',@CodRetorno,@msg,@numFilas)
2017-06-17 19:31:52 [text] codRetorno SP: 000
2017-06-17 19:31:52 [text] trama: CALL spConsultaProductos('0','15','5','0',@CodRetorno,@msg,@numFilas)
2017-06-17 19:31:52 [text] codRetorno SP: 000
2017-06-17 19:32:19 [text] Entro metodo guardarVenta
2017-06-17 19:32:19 [text] trama: CALL spConsultaProductos('0','0','5','0',@CodRetorno,@msg,@numFilas)
2017-06-17 19:32:19 [text] codRetorno SP: 000
2017-06-17 19:32:19 [text] trama: CALL spConsultaProductos('0','5','5','0',@CodRetorno,@msg,@numFilas)
2017-06-17 19:32:19 [text] codRetorno SP: 000
2017-06-17 19:32:19 [text] trama: CALL spConsultaProductos('0','10','5','0',@CodRetorno,@msg,@numFilas)
2017-06-17 19:32:19 [text] codRetorno SP: 000
2017-06-17 19:32:19 [text] trama: CALL spConsultaProductos('0','15','5','0',@CodRetorno,@msg,@numFilas)
2017-06-17 19:32:19 [text] codRetorno SP: 000
2017-06-17 19:32:49 [text] Entro metodo guardarVenta
2017-06-17 19:32:49 [text] trama: CALL spConsultaProductos('0','0','5','0',@CodRetorno,@msg,@numFilas)
2017-06-17 19:32:49 [text] codRetorno SP: 000
2017-06-17 19:32:49 [text] trama: CALL spConsultaProductos('0','5','5','0',@CodRetorno,@msg,@numFilas)
2017-06-17 19:32:49 [text] codRetorno SP: 000
2017-06-17 19:32:49 [text] trama: CALL spConsultaProductos('0','10','5','0',@CodRetorno,@msg,@numFilas)
2017-06-17 19:32:49 [text] codRetorno SP: 000
2017-06-17 19:32:49 [text] trama: CALL spConsultaProductos('0','15','5','0',@CodRetorno,@msg,@numFilas)
2017-06-17 19:32:49 [text] codRetorno SP: 000
2017-06-17 19:32:53 [text] Entro metodo guardarVenta
2017-06-17 19:32:53 [text] trama: CALL spConsultaProductos('0','0','5','0',@CodRetorno,@msg,@numFilas)
2017-06-17 19:32:53 [text] codRetorno SP: 000
2017-06-17 19:32:53 [text] trama: CALL spConsultaProductos('0','5','5','0',@CodRetorno,@msg,@numFilas)
2017-06-17 19:32:53 [text] codRetorno SP: 000
2017-06-17 19:32:53 [text] trama: CALL spConsultaProductos('0','10','5','0',@CodRetorno,@msg,@numFilas)
2017-06-17 19:32:53 [text] codRetorno SP: 000
2017-06-17 19:32:53 [text] trama: CALL spConsultaProductos('0','15','5','0',@CodRetorno,@msg,@numFilas)
2017-06-17 19:32:53 [text] codRetorno SP: 000
2017-06-17 19:33:26 [text] Entro metodo guardarVenta
2017-06-17 19:33:26 [text] trama: CALL spConsultaProductos('0','0','5','0',@CodRetorno,@msg,@numFilas)
2017-06-17 19:33:26 [text] codRetorno SP: 000
2017-06-17 19:33:26 [text] trama: CALL spConsultaProductos('0','5','5','0',@CodRetorno,@msg,@numFilas)
2017-06-17 19:33:26 [text] codRetorno SP: 000
2017-06-17 19:33:26 [text] trama: CALL spConsultaProductos('0','10','5','0',@CodRetorno,@msg,@numFilas)
2017-06-17 19:33:26 [text] codRetorno SP: 000
2017-06-17 19:33:26 [text] trama: CALL spConsultaProductos('0','15','5','0',@CodRetorno,@msg,@numFilas)
2017-06-17 19:33:26 [text] codRetorno SP: 000
2017-06-17 19:34:23 [text] Entro metodo guardarVenta
2017-06-17 19:34:23 [text] trama: CALL spConsultaProductos('0','0','5','0',@CodRetorno,@msg,@numFilas)
2017-06-17 19:34:23 [text] codRetorno SP: 000
2017-06-17 19:34:23 [text] trama: CALL spConsultaProductos('0','5','5','0',@CodRetorno,@msg,@numFilas)
2017-06-17 19:34:23 [text] codRetorno SP: 000
2017-06-17 19:34:23 [text] trama: CALL spConsultaProductos('0','10','5','0',@CodRetorno,@msg,@numFilas)
2017-06-17 19:34:23 [text] codRetorno SP: 000
2017-06-17 19:34:23 [text] trama: CALL spConsultaProductos('0','15','5','0',@CodRetorno,@msg,@numFilas)
2017-06-17 19:34:23 [text] codRetorno SP: 000
2017-06-17 19:35:06 [text] Entro metodo guardarVenta
2017-06-17 19:35:06 [text] trama: CALL spConsultaProductos('0','0','5','0',@CodRetorno,@msg,@numFilas)
2017-06-17 19:35:06 [text] codRetorno SP: 000
2017-06-17 19:35:06 [text] trama: CALL spConsultaProductos('0','5','5','0',@CodRetorno,@msg,@numFilas)
2017-06-17 19:35:06 [text] codRetorno SP: 000
2017-06-17 19:35:06 [text] trama: CALL spConsultaProductos('0','10','5','0',@CodRetorno,@msg,@numFilas)
2017-06-17 19:35:06 [text] codRetorno SP: 000
2017-06-17 19:35:06 [text] trama: CALL spConsultaProductos('0','15','5','0',@CodRetorno,@msg,@numFilas)
2017-06-17 19:35:06 [text] codRetorno SP: 000
2017-06-17 19:35:29 [text] Entro metodo guardarVenta
2017-06-17 19:35:29 [text] trama: CALL spConsultaProductos('0','0','5','0',@CodRetorno,@msg,@numFilas)
2017-06-17 19:35:29 [text] codRetorno SP: 000
2017-06-17 19:35:30 [text] trama: CALL spConsultaProductos('0','5','5','0',@CodRetorno,@msg,@numFilas)
2017-06-17 19:35:30 [text] codRetorno SP: 000
2017-06-17 19:35:30 [text] trama: CALL spConsultaProductos('0','10','5','0',@CodRetorno,@msg,@numFilas)
2017-06-17 19:35:30 [text] codRetorno SP: 000
2017-06-17 19:35:30 [text] trama: CALL spConsultaProductos('0','15','5','0',@CodRetorno,@msg,@numFilas)
2017-06-17 19:35:30 [text] codRetorno SP: 000
2017-06-17 19:40:29 [text] Entro metodo guardarVenta
2017-06-17 19:40:29 [text] trama: CALL spConsultaProductos('0','0','5','0',@CodRetorno,@msg,@numFilas)
2017-06-17 19:40:29 [text] codRetorno SP: 000
2017-06-17 19:40:29 [text] trama: CALL spConsultaProductos('0','5','5','0',@CodRetorno,@msg,@numFilas)
2017-06-17 19:40:29 [text] codRetorno SP: 000
2017-06-17 19:40:29 [text] trama: CALL spConsultaProductos('0','10','5','0',@CodRetorno,@msg,@numFilas)
2017-06-17 19:40:29 [text] codRetorno SP: 000
2017-06-17 19:40:29 [text] trama: CALL spConsultaProductos('0','15','5','0',@CodRetorno,@msg,@numFilas)
2017-06-17 19:40:29 [text] codRetorno SP: 000
2017-06-17 19:42:50 [text] Entro metodo guardarVenta
2017-06-17 19:42:50 [text] trama: CALL spConsultaProductos('0','0','5','0',@CodRetorno,@msg,@numFilas)
2017-06-17 19:42:50 [text] codRetorno SP: 000
2017-06-17 19:42:50 [text] trama: CALL spConsultaProductos('0','5','5','0',@CodRetorno,@msg,@numFilas)
2017-06-17 19:42:50 [text] codRetorno SP: 000
2017-06-17 19:42:51 [text] trama: CALL spConsultaProductos('0','10','5','0',@CodRetorno,@msg,@numFilas)
2017-06-17 19:42:51 [text] codRetorno SP: 000
2017-06-17 19:42:51 [text] trama: CALL spConsultaProductos('0','15','5','0',@CodRetorno,@msg,@numFilas)
2017-06-17 19:42:51 [text] codRetorno SP: 000
2017-06-17 19:44:35 [text] Entro metodo guardarVenta
2017-06-17 19:44:35 [text] trama: CALL spConsultaProductos('0','0','5','0',@CodRetorno,@msg,@numFilas)
2017-06-17 19:44:35 [text] codRetorno SP: 000
2017-06-17 19:44:35 [text] trama: CALL spConsultaProductos('0','5','5','0',@CodRetorno,@msg,@numFilas)
2017-06-17 19:44:35 [text] codRetorno SP: 000
2017-06-17 19:44:36 [text] trama: CALL spConsultaProductos('0','10','5','0',@CodRetorno,@msg,@numFilas)
2017-06-17 19:44:36 [text] codRetorno SP: 000
2017-06-17 19:44:36 [text] trama: CALL spConsultaProductos('0','15','5','0',@CodRetorno,@msg,@numFilas)
2017-06-17 19:44:36 [text] codRetorno SP: 000
2017-06-17 20:52:11 [text] Entro metodo guardarVenta
2017-06-17 20:52:12 [text] trama: CALL spConsultaProductos('0','0','5','0',@CodRetorno,@msg,@numFilas)
2017-06-17 20:52:12 [text] codRetorno SP: 000
2017-06-17 20:52:12 [text] trama: CALL spConsultaProductos('0','5','5','0',@CodRetorno,@msg,@numFilas)
2017-06-17 20:52:12 [text] codRetorno SP: 000
2017-06-17 20:52:12 [text] trama: CALL spConsultaProductos('0','10','5','0',@CodRetorno,@msg,@numFilas)
2017-06-17 20:52:12 [text] codRetorno SP: 000
2017-06-17 20:52:12 [text] trama: CALL spConsultaProductos('0','15','5','0',@CodRetorno,@msg,@numFilas)
2017-06-17 20:52:12 [text] codRetorno SP: 000
2017-06-18 11:22:14 [text] Entro metodo login
2017-06-18 11:22:14 [text] Entro metodo SQL!
2017-06-18 11:22:14 [text] trama: SELECT nombre_usuario,status FROM  usuarios WHERE nombre_usuario = 'felipe'
2017-06-18 11:22:14 [text] Entro metodo SQL!
2017-06-18 11:22:14 [text] trama: SELECT nombre_usuario,tipo_usuario,matricula_empleado,password,status 
					FROM usuarios WHERE nombre_usuario = 'felipe'
2017-06-18 11:22:14 [text] Login Codigo de Retorno 000
2017-06-18 11:22:22 [text] trama: CALL spRecuperaFolio('ventas','2',@codRetorno,@msg)
2017-06-18 11:22:22 [text] codRetorno SP: 000
2017-06-18 11:22:22 [text] Retiro CodRetorno: 000
2017-06-18 11:24:19 [text] Entro metodo guardarVenta
2017-06-18 11:24:19 [text] trama: CALL spConsultaProductos('0','0','5','0',@CodRetorno,@msg,@numFilas)
2017-06-18 11:24:19 [text] codRetorno SP: 000
2017-06-18 11:24:19 [text] trama: CALL spConsultaProductos('0','5','5','0',@CodRetorno,@msg,@numFilas)
2017-06-18 11:24:19 [text] codRetorno SP: 000
2017-06-18 11:24:19 [text] trama: CALL spConsultaProductos('0','10','5','0',@CodRetorno,@msg,@numFilas)
2017-06-18 11:24:19 [text] codRetorno SP: 000
2017-06-18 11:24:19 [text] trama: CALL spConsultaProductos('0','15','5','0',@CodRetorno,@msg,@numFilas)
2017-06-18 11:24:19 [text] codRetorno SP: 000
2017-06-18 11:27:33 [text] Entro metodo guardarVenta
2017-06-18 11:27:33 [text] trama: CALL spConsultaProductos('0','0','5','0',@CodRetorno,@msg,@numFilas)
2017-06-18 11:27:33 [text] codRetorno SP: 000
2017-06-18 11:27:33 [text] trama: CALL spConsultaProductos('0','5','5','0',@CodRetorno,@msg,@numFilas)
2017-06-18 11:27:33 [text] codRetorno SP: 000
2017-06-18 11:27:33 [text] trama: CALL spConsultaProductos('0','10','5','0',@CodRetorno,@msg,@numFilas)
2017-06-18 11:27:33 [text] codRetorno SP: 000
2017-06-18 11:27:33 [text] trama: CALL spConsultaProductos('0','15','5','0',@CodRetorno,@msg,@numFilas)
2017-06-18 11:27:33 [text] codRetorno SP: 000
2017-06-18 11:28:13 [text] Entro metodo guardarVenta
2017-06-18 11:28:13 [text] trama: CALL spConsultaProductos('0','0','5','0',@CodRetorno,@msg,@numFilas)
2017-06-18 11:28:13 [text] codRetorno SP: 000
2017-06-18 11:28:13 [text] trama: CALL spConsultaProductos('0','5','5','0',@CodRetorno,@msg,@numFilas)
2017-06-18 11:28:13 [text] codRetorno SP: 000
2017-06-18 11:28:13 [text] trama: CALL spConsultaProductos('0','10','5','0',@CodRetorno,@msg,@numFilas)
2017-06-18 11:28:13 [text] codRetorno SP: 000
2017-06-18 11:28:13 [text] trama: CALL spConsultaProductos('0','15','5','0',@CodRetorno,@msg,@numFilas)
2017-06-18 11:28:13 [text] codRetorno SP: 000
2017-06-18 11:28:48 [text] Entro metodo guardarVenta
2017-06-18 11:28:48 [text] trama: CALL spConsultaProductos('0','0','5','0',@CodRetorno,@msg,@numFilas)
2017-06-18 11:28:48 [text] codRetorno SP: 000
2017-06-18 11:28:48 [text] trama: CALL spConsultaProductos('0','5','5','0',@CodRetorno,@msg,@numFilas)
2017-06-18 11:28:48 [text] codRetorno SP: 000
2017-06-18 11:28:48 [text] trama: CALL spConsultaProductos('0','10','5','0',@CodRetorno,@msg,@numFilas)
2017-06-18 11:28:48 [text] codRetorno SP: 000
2017-06-18 11:28:48 [text] trama: CALL spConsultaProductos('0','15','5','0',@CodRetorno,@msg,@numFilas)
2017-06-18 11:28:48 [text] codRetorno SP: 000
2017-06-18 11:29:11 [text] Entro metodo guardarVenta
2017-06-18 11:29:11 [text] trama: CALL spConsultaProductos('0','0','5','0',@CodRetorno,@msg,@numFilas)
2017-06-18 11:29:11 [text] codRetorno SP: 000
2017-06-18 11:29:11 [text] trama: CALL spConsultaProductos('0','5','5','0',@CodRetorno,@msg,@numFilas)
2017-06-18 11:29:11 [text] codRetorno SP: 000
2017-06-18 11:29:11 [text] trama: CALL spConsultaProductos('0','10','5','0',@CodRetorno,@msg,@numFilas)
2017-06-18 11:29:11 [text] codRetorno SP: 000
2017-06-18 11:29:11 [text] trama: CALL spConsultaProductos('0','15','5','0',@CodRetorno,@msg,@numFilas)
2017-06-18 11:29:11 [text] codRetorno SP: 000
2017-06-18 11:29:28 [text] Entro metodo guardarVenta
2017-06-18 11:29:28 [text] trama: CALL spConsultaProductos('0','0','5','0',@CodRetorno,@msg,@numFilas)
2017-06-18 11:29:28 [text] codRetorno SP: 000
2017-06-18 11:29:28 [text] trama: CALL spConsultaProductos('0','5','5','0',@CodRetorno,@msg,@numFilas)
2017-06-18 11:29:28 [text] codRetorno SP: 000
2017-06-18 11:29:28 [text] trama: CALL spConsultaProductos('0','10','5','0',@CodRetorno,@msg,@numFilas)
2017-06-18 11:29:28 [text] codRetorno SP: 000
2017-06-18 11:29:28 [text] trama: CALL spConsultaProductos('0','15','5','0',@CodRetorno,@msg,@numFilas)
2017-06-18 11:29:28 [text] codRetorno SP: 000
2017-06-18 11:29:58 [text] Entro metodo guardarVenta
2017-06-18 11:29:58 [text] trama: CALL spConsultaProductos('0','0','5','0',@CodRetorno,@msg,@numFilas)
2017-06-18 11:29:58 [text] codRetorno SP: 000
2017-06-18 11:29:58 [text] trama: CALL spConsultaProductos('0','5','5','0',@CodRetorno,@msg,@numFilas)
2017-06-18 11:29:58 [text] codRetorno SP: 000
2017-06-18 11:29:58 [text] trama: CALL spConsultaProductos('0','10','5','0',@CodRetorno,@msg,@numFilas)
2017-06-18 11:29:58 [text] codRetorno SP: 000
2017-06-18 11:29:58 [text] trama: CALL spConsultaProductos('0','15','5','0',@CodRetorno,@msg,@numFilas)
2017-06-18 11:29:58 [text] codRetorno SP: 000
2017-06-18 11:30:05 [text] Entro metodo guardarVenta
2017-06-18 11:30:05 [text] trama: CALL spConsultaProductos('0','0','5','0',@CodRetorno,@msg,@numFilas)
2017-06-18 11:30:05 [text] codRetorno SP: 000
2017-06-18 11:30:05 [text] trama: CALL spConsultaProductos('0','5','5','0',@CodRetorno,@msg,@numFilas)
2017-06-18 11:30:05 [text] codRetorno SP: 000
2017-06-18 11:30:05 [text] trama: CALL spConsultaProductos('0','10','5','0',@CodRetorno,@msg,@numFilas)
2017-06-18 11:30:05 [text] codRetorno SP: 000
2017-06-18 11:30:05 [text] trama: CALL spConsultaProductos('0','15','5','0',@CodRetorno,@msg,@numFilas)
2017-06-18 11:30:05 [text] codRetorno SP: 000
2017-06-18 11:31:15 [text] Entro metodo guardarVenta
2017-06-18 11:31:15 [text] trama: CALL spConsultaProductos('0','0','5','0',@CodRetorno,@msg,@numFilas)
2017-06-18 11:31:15 [text] codRetorno SP: 000
2017-06-18 11:31:15 [text] trama: CALL spConsultaProductos('0','5','5','0',@CodRetorno,@msg,@numFilas)
2017-06-18 11:31:15 [text] codRetorno SP: 000
2017-06-18 11:31:15 [text] trama: CALL spConsultaProductos('0','10','5','0',@CodRetorno,@msg,@numFilas)
2017-06-18 11:31:15 [text] codRetorno SP: 000
2017-06-18 11:31:15 [text] trama: CALL spConsultaProductos('0','15','5','0',@CodRetorno,@msg,@numFilas)
2017-06-18 11:31:15 [text] codRetorno SP: 000
2017-06-18 11:31:49 [text] Entro metodo guardarVenta
2017-06-18 11:31:49 [text] trama: CALL spConsultaProductos('0','0','5','0',@CodRetorno,@msg,@numFilas)
2017-06-18 11:31:49 [text] codRetorno SP: 000
2017-06-18 11:31:49 [text] trama: CALL spConsultaProductos('0','5','5','0',@CodRetorno,@msg,@numFilas)
2017-06-18 11:31:49 [text] codRetorno SP: 000
2017-06-18 11:31:49 [text] trama: CALL spConsultaProductos('0','10','5','0',@CodRetorno,@msg,@numFilas)
2017-06-18 11:31:49 [text] codRetorno SP: 000
2017-06-18 11:31:49 [text] trama: CALL spConsultaProductos('0','15','5','0',@CodRetorno,@msg,@numFilas)
2017-06-18 11:31:49 [text] codRetorno SP: 000
2017-06-18 11:32:03 [text] Entro metodo guardarVenta
2017-06-18 11:32:03 [text] trama: CALL spConsultaProductos('0','0','5','0',@CodRetorno,@msg,@numFilas)
2017-06-18 11:32:03 [text] codRetorno SP: 000
2017-06-18 11:32:03 [text] trama: CALL spConsultaProductos('0','5','5','0',@CodRetorno,@msg,@numFilas)
2017-06-18 11:32:03 [text] codRetorno SP: 000
2017-06-18 11:32:03 [text] trama: CALL spConsultaProductos('0','10','5','0',@CodRetorno,@msg,@numFilas)
2017-06-18 11:32:03 [text] codRetorno SP: 000
2017-06-18 11:32:03 [text] trama: CALL spConsultaProductos('0','15','5','0',@CodRetorno,@msg,@numFilas)
2017-06-18 11:32:03 [text] codRetorno SP: 000
2017-06-18 11:32:12 [text] Entro metodo guardarVenta
2017-06-18 11:32:12 [text] trama: CALL spConsultaProductos('0','0','5','0',@CodRetorno,@msg,@numFilas)
2017-06-18 11:32:12 [text] codRetorno SP: 000
2017-06-18 11:32:12 [text] trama: CALL spConsultaProductos('0','5','5','0',@CodRetorno,@msg,@numFilas)
2017-06-18 11:32:12 [text] codRetorno SP: 000
2017-06-18 11:32:12 [text] trama: CALL spConsultaProductos('0','10','5','0',@CodRetorno,@msg,@numFilas)
2017-06-18 11:32:12 [text] codRetorno SP: 000
2017-06-18 11:32:12 [text] trama: CALL spConsultaProductos('0','15','5','0',@CodRetorno,@msg,@numFilas)
2017-06-18 11:32:12 [text] codRetorno SP: 000
2017-06-18 11:32:50 [text] Entro metodo guardarVenta
2017-06-18 11:32:50 [text] trama: CALL spConsultaProductos('0','0','5','0',@CodRetorno,@msg,@numFilas)
2017-06-18 11:32:50 [text] codRetorno SP: 000
2017-06-18 11:32:50 [text] trama: CALL spConsultaProductos('0','5','5','0',@CodRetorno,@msg,@numFilas)
2017-06-18 11:32:50 [text] codRetorno SP: 000
2017-06-18 11:32:50 [text] trama: CALL spConsultaProductos('0','10','5','0',@CodRetorno,@msg,@numFilas)
2017-06-18 11:32:50 [text] codRetorno SP: 000
2017-06-18 11:32:50 [text] trama: CALL spConsultaProductos('0','15','5','0',@CodRetorno,@msg,@numFilas)
2017-06-18 11:32:50 [text] codRetorno SP: 000
2017-06-18 11:33:40 [text] Entro metodo guardarVenta
2017-06-18 11:33:40 [text] trama: CALL spConsultaProductos('0','0','5','0',@CodRetorno,@msg,@numFilas)
2017-06-18 11:33:40 [text] codRetorno SP: 000
2017-06-18 11:33:40 [text] trama: CALL spConsultaProductos('0','5','5','0',@CodRetorno,@msg,@numFilas)
2017-06-18 11:33:40 [text] codRetorno SP: 000
2017-06-18 11:33:40 [text] trama: CALL spConsultaProductos('0','10','5','0',@CodRetorno,@msg,@numFilas)
2017-06-18 11:33:40 [text] codRetorno SP: 000
2017-06-18 11:33:40 [text] trama: CALL spConsultaProductos('0','15','5','0',@CodRetorno,@msg,@numFilas)
2017-06-18 11:33:40 [text] codRetorno SP: 000
2017-06-18 11:42:22 [text] Entro metodo guardarVenta
2017-06-18 11:42:22 [text] trama: CALL spConsultaProductos('0','0','5','0',@CodRetorno,@msg,@numFilas)
2017-06-18 11:42:22 [text] codRetorno SP: 000
2017-06-18 11:42:22 [text] trama: CALL spConsultaProductos('0','5','5','0',@CodRetorno,@msg,@numFilas)
2017-06-18 11:42:22 [text] codRetorno SP: 000
2017-06-18 11:42:22 [text] trama: CALL spConsultaProductos('0','10','5','0',@CodRetorno,@msg,@numFilas)
2017-06-18 11:42:22 [text] codRetorno SP: 000
2017-06-18 11:42:22 [text] trama: CALL spConsultaProductos('0','15','5','0',@CodRetorno,@msg,@numFilas)
2017-06-18 11:42:22 [text] codRetorno SP: 000
